xrun(64): 20.09-s001: (c) Copyright 1995-2020 Cadence Design Systems, Inc.
TOOL:	xrun(64)	20.09-s001: Started on Jul 27, 2025 at 14:51:42 +07
xrun
	-hal
	-v2001
	-f ./regfile.v
		module
		regfile
		(
		input
		[4:0]
		rs1_addr_i,
		input
		[4:0]
		rs2_addr_i,
		input
		[4:0]
		rd_addr_i,
		input
		[31:0]
		rd_data_i,
		input
		rd_wren_i,
		input
		clk_i,
		output
		[31:0]
		rs1_data_o,
		output
		[31:0]
		rs2_data_o
		);
		wire
		rst_n;
		wire
		[31:0]
		q_i,
		q_o;
		integer
		i;
		wire
		[31:0]
		data_o;
		decoder_5to32
		d1
		(.a_i(rd_addr_i),
		.out_o(data_o));
		always
		@(posedge
		clk_i)
		begin
		for(i
		=
		1;
		i
		<
		32;
		i
		=
		i
		+
		1)
		begin
		q_i[i]
		=
		{32{rd_wren_i}}
		&
		data_o[i];
		end
		end
		register
		r0
		(
		.clk(clk_i),
		.rst_n(1'b0),
		.en(1'b1),
		.D(32'b0),
		.Q(32'b0));
		register
		r1
		(
		.clk(clk_i),
		.rst_n(1'b0),
		.en(1'b1),
		.D(q_i[1]),
		.Q(q_o[1]));
		register
		r2
		(
		.clk(clk_i),
		.rst_n(1'b0),
		.en(1'b1),
		.D(q_i[2]),
		.Q(q_o[2]));
		register
		r3
		(
		.clk(clk_i),
		.rst_n(1'b0),
		.en(1'b1),
		.D(q_i[3]),
		.Q(q_o[3]));
		register
		r4
		(
		.clk(clk_i),
		.rst_n(1'b0),
		.en(1'b1),
		.D(q_i[4]),
		.Q(q_o[4]));
		register
		r5
		(
		.clk(clk_i),
		.rst_n(1'b0),
		.en(1'b1),
		.D(q_i[5]),
		.Q(q_o[5]));
		register
		r6
		(
		.clk(clk_i),
		.rst_n(1'b0),
		.en(1'b1),
		.D(q_i[6]),
		.Q(q_o[6]));
		register
		r7
		(
		.clk(clk_i),
		.rst_n(1'b0),
		.en(1'b1),
		.D(q_i[7]),
		.Q(q_o[7]));
		register
		r8
		(
		.clk(clk_i),
		.rst_n(1'b0),
		.en(1'b1),
		.D(q_i[8]),
		.Q(q_o[8]));
		register
		r9
		(
		.clk(clk_i),
		.rst_n(1'b0),
		.en(1'b1),
		.D(q_i[9]),
		.Q(q_o[9]));
		register
		r10
		(
		.clk(clk_i),
		.rst_n(1'b0),
		.en(1'b1),
		.D(q_i[10]),
		.Q(q_o[10]));
		register
		r11
		(
		.clk(clk_i),
		.rst_n(1'b0),
		.en(1'b1),
		.D(q_i[11]),
		.Q(q_o[11]));
		register
		r12
		(
		.clk(clk_i),
		.rst_n(1'b0),
		.en(1'b1),
		.D(q_i[12]),
		.Q(q_o[12]));
		register
		r13
		(
		.clk(clk_i),
		.rst_n(1'b0),
		.en(1'b1),
		.D(q_i[13]),
		.Q(q_o[13]));
		register
		r14
		(
		.clk(clk_i),
		.rst_n(1'b0),
		.en(1'b1),
		.D(q_i[14]),
		.Q(q_o[14]));
		register
		r15
		(
		.clk(clk_i),
		.rst_n(1'b0),
		.en(1'b1),
		.D(q_i[15]),
		.Q(q_o[15]));
		register
		r16
		(
		.clk(clk_i),
		.rst_n(1'b0),
		.en(1'b1),
		.D(q_i[16]),
		.Q(q_o[16]));
		register
		r17
		(
		.clk(clk_i),
		.rst_n(1'b0),
		.en(1'b1),
		.D(q_i[17]),
		.Q(q_o[17]));
		register
		r18
		(
		.clk(clk_i),
		.rst_n(1'b0),
		.en(1'b1),
		.D(q_i[18]),
		.Q(q_o[18]));
		register
		r19
		(
		.clk(clk_i),
		.rst_n(1'b0),
		.en(1'b1),
		.D(q_i[19]),
		.Q(q_o[19]));
		register
		r20
		(
		.clk(clk_i),
		.rst_n(1'b0),
		.en(1'b1),
		.D(q_i[20]),
		.Q(q_o[20]));
		register
		r21
		(
		.clk(clk_i),
		.rst_n(1'b0),
		.en(1'b1),
		.D(q_i[21]),
		.Q(q_o[21]));
		register
		r22
		(
		.clk(clk_i),
		.rst_n(1'b0),
		.en(1'b1),
		.D(q_i[22]),
		.Q(q_o[22]));
		register
		r23
		(
		.clk(clk_i),
		.rst_n(1'b0),
		.en(1'b1),
		.D(q_i[23]),
		.Q(q_o[23]));
		register
		r24
		(
		.clk(clk_i),
		.rst_n(1'b0),
		.en(1'b1),
		.D(q_i[24]),
		.Q(q_o[24]));
		register
		r25
		(
		.clk(clk_i),
		.rst_n(1'b0),
		.en(1'b1),
		.D(q_i[25]),
		.Q(q_o[25]));
		register
		r26
		(
		.clk(clk_i),
		.rst_n(1'b0),
		.en(1'b1),
		.D(q_i[26]),
		.Q(q_o[26]));
		register
		r27
		(
		.clk(clk_i),
		.rst_n(1'b0),
		.en(1'b1),
		.D(q_i[27]),
		.Q(q_o[27]));
		register
		r28
		(
		.clk(clk_i),
		.rst_n(1'b0),
		.en(1'b1),
		.D(q_i[28]),
		.Q(q_o[28]));
		register
		r29
		(
		.clk(clk_i),
		.rst_n(1'b0),
		.en(1'b1),
		.D(q_i[29]),
		.Q(q_o[29]));
		register
		r30
		(
		.clk(clk_i),
		.rst_n(1'b0),
		.en(1'b1),
		.D(q_i[30]),
		.Q(q_o[30]));
		register
		r31
		(
		.clk(clk_i),
		.rst_n(1'b0),
		.en(1'b1),
		.D(q_i[31]),
		.Q(q_o[31]));
		mux_32to1
		m1
		(
		.d0(q_o[0]),
		.d1(q_o[1]),
		.d2(q_o[2]),
		.d3(q_o[3]),
		.d4(q_o[4]),
		.d5(q_o[5]),
		.d6(q_o[6]),
		.d7(q_o[7]),
		.d8(q_o[8]),
		.d9(q_o[9]),
		.d10(q_o[10]),.d11(q_o[11]),
		.d12(q_o[12]),.d13(q_o[13]),.d14(q_o[14]),.d15(q_o[15]),
		.d16(q_o[16]),.d17(q_o[17]),.d18(q_o[18]),.d19(q_o[19]),
		.d20(q_o[20]),.d21(q_o[21]),.d22(q_o[22]),.d23(q_o[23]),
		.d24(q_o[24]),.d25(q_o[25]),.d26(q_o[26]),.d27(q_o[27]),
		.d28(q_o[28]),.d29(q_o[29]),.d30(q_o[30]),.d31(q_o[31]),
		.s(rs1_addr_i),
		.y(rs1_data_o));
		mux_32to1
		m2
		(
		.d0(q_o[0]),
		.d1(q_o[1]),
		.d2(q_o[2]),
		.d3(q_o[3]),
		.d4(q_o[4]),
		.d5(q_o[5]),
		.d6(q_o[6]),
		.d7(q_o[7]),
		.d8(q_o[8]),
		.d9(q_o[9]),
		.d10(q_o[10]),.d11(q_o[11]),
		.d12(q_o[12]),.d13(q_o[13]),.d14(q_o[14]),.d15(q_o[15]),
		.d16(q_o[16]),.d17(q_o[17]),.d18(q_o[18]),.d19(q_o[19]),
		.d20(q_o[20]),.d21(q_o[21]),.d22(q_o[22]),.d23(q_o[23]),
		.d24(q_o[24]),.d25(q_o[25]),.d26(q_o[26]),.d27(q_o[27]),
		.d28(q_o[28]),.d29(q_o[29]),.d30(q_o[30]),.d31(q_o[31]),
		.s(rs2_addr_i),
		.y(rs2_data_o));
		endmodule

   User defined plus("+") options:
	+

xrun: *E,FMUK: The type of the file (module) could not be determined.
xrun: *E,FILEMIS: Cannot find the provided file module.
xrun: *E,FMUK: The type of the file (regfile) could not be determined.
xrun: *E,FILEMIS: Cannot find the provided file regfile.
xrun: *E,FMUK: The type of the file (() could not be determined.
xrun: *E,FILEMIS: Cannot find the provided file (.
xrun: *E,FMUK: The type of the file (input) could not be determined.
xrun: *E,FILEMIS: Cannot find the provided file input.
xrun: *E,FMUK: The type of the file ([4:0]) could not be determined.
xrun: *E,FILEMIS: Cannot find the provided file [4:0].
xrun: *E,FMUK: The type of the file (rs1_addr_i,) could not be determined.
xrun: *E,FILEMIS: Cannot find the provided file rs1_addr_i,.
xrun: *E,FMUK: The type of the file (input) could not be determined.
xrun: *E,FILEMIS: Cannot find the provided file input.
xrun: *E,FMUK: The type of the file ([4:0]) could not be determined.
xrun: *E,FILEMIS: Cannot find the provided file [4:0].
xrun: *E,FMUK: The type of the file (rs2_addr_i,) could not be determined.
xrun: *E,FILEMIS: Cannot find the provided file rs2_addr_i,.
xrun: *E,FMUK: The type of the file (input) could not be determined.
xrun: *E,FILEMIS: Cannot find the provided file input.
xrun: *E,FMUK: The type of the file ([4:0]) could not be determined.
xrun: *E,FILEMIS: Cannot find the provided file [4:0].
xrun: *E,FMUK: The type of the file (rd_addr_i,) could not be determined.
xrun: *E,FILEMIS: Cannot find the provided file rd_addr_i,.
xrun: *E,FMUK: The type of the file (input) could not be determined.
xrun: *E,FILEMIS: Cannot find the provided file input.
xrun: *E,FMUK: The type of the file ([31:0]) could not be determined.
xrun: *E,FILEMIS: Cannot find the provided file [31:0].
xrun: *E,FMUK: The type of the file (rd_data_i,) could not be determined.
xrun: *E,FILEMIS: Cannot find the provided file rd_data_i,.
xrun: *E,FMUK: The type of the file (input) could not be determined.
xrun: *E,FILEMIS: Cannot find the provided file input.
xrun: *E,FMUK: The type of the file (rd_wren_i,) could not be determined.
xrun: *E,FILEMIS: Cannot find the provided file rd_wren_i,.
xrun: *E,FMUK: The type of the file (input) could not be determined.
xrun: *E,FILEMIS: Cannot find the provided file input.
xrun: *E,FMUK: The type of the file (clk_i,) could not be determined.
xrun: *E,FILEMIS: Cannot find the provided file clk_i,.
xrun: *E,FMUK: The type of the file (output) could not be determined.
xrun: *E,FILEMIS: Cannot find the provided file output.
xrun: *E,FMUK: The type of the file ([31:0]) could not be determined.
xrun: *E,FILEMIS: Cannot find the provided file [31:0].
xrun: *E,FMUK: The type of the file (rs1_data_o,) could not be determined.
xrun: *E,FILEMIS: Cannot find the provided file rs1_data_o,.
xrun: *E,FMUK: The type of the file (output) could not be determined.
xrun: *E,FILEMIS: Cannot find the provided file output.
xrun: *E,FMUK: The type of the file ([31:0]) could not be determined.
xrun: *E,FILEMIS: Cannot find the provided file [31:0].
xrun: *E,FMUK: The type of the file (rs2_data_o) could not be determined.
xrun: *E,FILEMIS: Cannot find the provided file rs2_data_o.
xrun: *E,FMUK: The type of the file ();) could not be determined.
xrun: *E,FILEMIS: Cannot find the provided file );.
xrun: *E,FMUK: The type of the file (wire) could not be determined.
xrun: *E,FILEMIS: Cannot find the provided file wire.
xrun: *E,FMUK: The type of the file (rst_n;) could not be determined.
xrun: *E,FILEMIS: Cannot find the provided file rst_n;.
xrun: *E,FMUK: The type of the file (wire) could not be determined.
xrun: *E,FILEMIS: Cannot find the provided file wire.
xrun: *E,FMUK: The type of the file ([31:0]) could not be determined.
xrun: *E,FILEMIS: Cannot find the provided file [31:0].
xrun: *E,FMUK: The type of the file (q_i,) could not be determined.
xrun: *E,FILEMIS: Cannot find the provided file q_i,.
xrun: *E,FMUK: The type of the file (q_o;) could not be determined.
xrun: *E,FILEMIS: Cannot find the provided file q_o;.
xrun: *E,FMUK: The type of the file (integer) could not be determined.
xrun: *E,FILEMIS: Cannot find the provided file integer.
xrun: *E,FMUK: The type of the file (i;) could not be determined.
xrun: *E,FILEMIS: Cannot find the provided file i;.
xrun: *E,FMUK: The type of the file (wire) could not be determined.
xrun: *E,FILEMIS: Cannot find the provided file wire.
xrun: *E,FMUK: The type of the file ([31:0]) could not be determined.
xrun: *E,FILEMIS: Cannot find the provided file [31:0].
xrun: *E,FMUK: The type of the file (data_o;) could not be determined.
xrun: *E,FILEMIS: Cannot find the provided file data_o;.
xrun: *E,FMUK: The type of the file (decoder_5to32) could not be determined.
xrun: *E,FILEMIS: Cannot find the provided file decoder_5to32.
xrun: *E,FMUK: The type of the file (d1) could not be determined.
xrun: *E,FILEMIS: Cannot find the provided file d1.
xrun: *E,FMUK: The type of the file ((.a_i(rd_addr_i),) could not be determined.
xrun: *E,FILEMIS: Cannot find the provided file (.a_i(rd_addr_i),.
xrun: *E,FMUK: The type of the file (.out_o(data_o));) could not be determined.
xrun: *E,FILEMIS: Cannot find the provided file .out_o(data_o));.
xrun: *E,FMUK: The type of the file (always) could not be determined.
xrun: *E,FILEMIS: Cannot find the provided file always.
xrun: *E,FMUK: The type of the file (@(posedge) could not be determined.
xrun: *E,FILEMIS: Cannot find the provided file @(posedge.
xrun: *E,FMUK: The type of the file (clk_i)) could not be determined.
xrun: *E,FILEMIS: Cannot find the provided file clk_i).
xrun: *E,FMUK: The type of the file (begin) could not be determined.
xrun: *E,FILEMIS: Cannot find the provided file begin.
xrun: *E,FMUK: The type of the file (for(i) could not be determined.
xrun: *E,FILEMIS: Cannot find the provided file for(i.
xrun: *E,FMUK: The type of the file (=) could not be determined.
xrun: *E,FILEMIS: Cannot find the provided file =.
xrun: *E,FMUK: The type of the file (1;) could not be determined.
xrun: *E,FILEMIS: Cannot find the provided file 1;.
xrun: *E,FMUK: The type of the file (i) could not be determined.
xrun: *E,FILEMIS: Cannot find the provided file i.
xrun: *E,FMUK: The type of the file (<) could not be determined.
xrun: *E,FILEMIS: Cannot find the provided file <.
xrun: *E,FMUK: The type of the file (32;) could not be determined.
xrun: *E,FILEMIS: Cannot find the provided file 32;.
xrun: *E,FMUK: The type of the file (i) could not be determined.
xrun: *E,FILEMIS: Cannot find the provided file i.
xrun: *E,FMUK: The type of the file (=) could not be determined.
xrun: *E,FILEMIS: Cannot find the provided file =.
xrun: *E,FMUK: The type of the file (i) could not be determined.
xrun: *E,FILEMIS: Cannot find the provided file i.
xrun: *E,FMUK: The type of the file (1)) could not be determined.
xrun: *E,FILEMIS: Cannot find the provided file 1).
xrun: *E,FMUK: The type of the file (begin) could not be determined.
xrun: *E,FILEMIS: Cannot find the provided file begin.
xrun: *E,FMUK: The type of the file (q_i[i]) could not be determined.
xrun: *E,FILEMIS: Cannot find the provided file q_i[i].
xrun: *E,FMUK: The type of the file (=) could not be determined.
xrun: *E,FILEMIS: Cannot find the provided file =.
xrun: *E,FMUK: The type of the file ({32{rd_wren_i}}) could not be determined.
xrun: *E,FILEMIS: Cannot find the provided file {32{rd_wren_i}}.
xrun: *E,FMUK: The type of the file (&) could not be determined.
xrun: *E,FILEMIS: Cannot find the provided file &.
xrun: *E,FMUK: The type of the file (data_o[i];) could not be determined.
xrun: *E,FILEMIS: Cannot find the provided file data_o[i];.
xrun: *E,FMUK: The type of the file (end) could not be determined.
xrun: *E,FILEMIS: Cannot find the provided file end.
xrun: *E,FMUK: The type of the file (end) could not be determined.
xrun: *E,FILEMIS: Cannot find the provided file end.
xrun: *E,FMUK: The type of the file (register) could not be determined.
xrun: *E,FILEMIS: Cannot find the provided file register.
xrun: *E,FMUK: The type of the file (r0) could not be determined.
xrun: *E,FILEMIS: Cannot find the provided file r0.
xrun: *E,FMUK: The type of the file (() could not be determined.
xrun: *E,FILEMIS: Cannot find the provided file (.
xrun: *E,FMUK: The type of the file (.clk(clk_i),) could not be determined.
xrun: *E,FILEMIS: Cannot find the provided file .clk(clk_i),.
xrun: *E,FMUK: The type of the file (.rst_n(1'b0),) could not be determined.
xrun: *E,FILEMIS: Cannot find the provided file .rst_n(1'b0),.
xrun: *E,FMUK: The type of the file (.en(1'b1),) could not be determined.
xrun: *E,FILEMIS: Cannot find the provided file .en(1'b1),.
xrun: *E,FMUK: The type of the file (.D(32'b0),) could not be determined.
xrun: *E,FILEMIS: Cannot find the provided file .D(32'b0),.
xrun: *E,FMUK: The type of the file (.Q(32'b0));) could not be determined.
xrun: *E,FILEMIS: Cannot find the provided file .Q(32'b0));.
xrun: *E,FMUK: The type of the file (register) could not be determined.
xrun: *E,FILEMIS: Cannot find the provided file register.
xrun: *E,FMUK: The type of the file (r1) could not be determined.
xrun: *E,FILEMIS: Cannot find the provided file r1.
xrun: *E,FMUK: The type of the file (() could not be determined.
xrun: *E,FILEMIS: Cannot find the provided file (.
xrun: *E,FMUK: The type of the file (.clk(clk_i),) could not be determined.
xrun: *E,FILEMIS: Cannot find the provided file .clk(clk_i),.
xrun: *E,FMUK: The type of the file (.rst_n(1'b0),) could not be determined.
xrun: *E,FILEMIS: Cannot find the provided file .rst_n(1'b0),.
xrun: *E,FMUK: The type of the file (.en(1'b1),) could not be determined.
xrun: *E,FILEMIS: Cannot find the provided file .en(1'b1),.
xrun: *E,FMUK: The type of the file (.D(q_i[1]),) could not be determined.
xrun: *E,FILEMIS: Cannot find the provided file .D(q_i[1]),.
xrun: *E,FMUK: The type of the file (.Q(q_o[1]));) could not be determined.
xrun: *E,FILEMIS: Cannot find the provided file .Q(q_o[1]));.
xrun: *E,FMUK: The type of the file (register) could not be determined.
xrun: *E,FILEMIS: Cannot find the provided file register.
xrun: *E,FMUK: The type of the file (r2) could not be determined.
xrun: *E,FILEMIS: Cannot find the provided file r2.
xrun: *E,FMUK: The type of the file (() could not be determined.
xrun: *E,FILEMIS: Cannot find the provided file (.
xrun: *E,FMUK: The type of the file (.clk(clk_i),) could not be determined.
xrun: *E,FILEMIS: Cannot find the provided file .clk(clk_i),.
xrun: *E,FMUK: The type of the file (.rst_n(1'b0),) could not be determined.
xrun: *E,FILEMIS: Cannot find the provided file .rst_n(1'b0),.
xrun: *E,FMUK: The type of the file (.en(1'b1),) could not be determined.
xrun: *E,FILEMIS: Cannot find the provided file .en(1'b1),.
xrun: *E,FMUK: The type of the file (.D(q_i[2]),) could not be determined.
xrun: *E,FILEMIS: Cannot find the provided file .D(q_i[2]),.
xrun: *E,FMUK: The type of the file (.Q(q_o[2]));) could not be determined.
xrun: *E,FILEMIS: Cannot find the provided file .Q(q_o[2]));.
xrun: *E,FMUK: The type of the file (register) could not be determined.
xrun: *E,FILEMIS: Cannot find the provided file register.
xrun: *E,FMUK: The type of the file (r3) could not be determined.
xrun: *E,FILEMIS: Cannot find the provided file r3.
xrun: *E,FMUK: The type of the file (() could not be determined.
xrun: *E,FILEMIS: Cannot find the provided file (.
xrun: *E,FMUK: The type of the file (.clk(clk_i),) could not be determined.
xrun: *E,FILEMIS: Cannot find the provided file .clk(clk_i),.
xrun: *E,FMUK: The type of the file (.rst_n(1'b0),) could not be determined.
xrun: *E,FILEMIS: Cannot find the provided file .rst_n(1'b0),.
xrun: *E,FMUK: The type of the file (.en(1'b1),) could not be determined.
xrun: *E,FILEMIS: Cannot find the provided file .en(1'b1),.
xrun: *E,FMUK: The type of the file (.D(q_i[3]),) could not be determined.
xrun: *E,FILEMIS: Cannot find the provided file .D(q_i[3]),.
xrun: *E,FMUK: The type of the file (.Q(q_o[3]));) could not be determined.
xrun: *E,FILEMIS: Cannot find the provided file .Q(q_o[3]));.
xrun: *E,FMUK: The type of the file (register) could not be determined.
xrun: *E,FILEMIS: Cannot find the provided file register.
xrun: *E,FMUK: The type of the file (r4) could not be determined.
xrun: *E,FILEMIS: Cannot find the provided file r4.
xrun: *E,FMUK: The type of the file (() could not be determined.
xrun: *E,FILEMIS: Cannot find the provided file (.
xrun: *E,FMUK: The type of the file (.clk(clk_i),) could not be determined.
xrun: *E,FILEMIS: Cannot find the provided file .clk(clk_i),.
xrun: *E,FMUK: The type of the file (.rst_n(1'b0),) could not be determined.
xrun: *E,FILEMIS: Cannot find the provided file .rst_n(1'b0),.
xrun: *E,FMUK: The type of the file (.en(1'b1),) could not be determined.
xrun: *E,FILEMIS: Cannot find the provided file .en(1'b1),.
xrun: *E,FMUK: The type of the file (.D(q_i[4]),) could not be determined.
xrun: *E,FILEMIS: Cannot find the provided file .D(q_i[4]),.
xrun: *E,FMUK: The type of the file (.Q(q_o[4]));) could not be determined.
xrun: *E,FILEMIS: Cannot find the provided file .Q(q_o[4]));.
xrun: *E,FMUK: The type of the file (register) could not be determined.
xrun: *E,FILEMIS: Cannot find the provided file register.
xrun: *E,FMUK: The type of the file (r5) could not be determined.
xrun: *E,FILEMIS: Cannot find the provided file r5.
xrun: *E,FMUK: The type of the file (() could not be determined.
xrun: *E,FILEMIS: Cannot find the provided file (.
xrun: *E,FMUK: The type of the file (.clk(clk_i),) could not be determined.
xrun: *E,FILEMIS: Cannot find the provided file .clk(clk_i),.
xrun: *E,FMUK: The type of the file (.rst_n(1'b0),) could not be determined.
xrun: *E,FILEMIS: Cannot find the provided file .rst_n(1'b0),.
xrun: *E,FMUK: The type of the file (.en(1'b1),) could not be determined.
xrun: *E,FILEMIS: Cannot find the provided file .en(1'b1),.
xrun: *E,FMUK: The type of the file (.D(q_i[5]),) could not be determined.
xrun: *E,FILEMIS: Cannot find the provided file .D(q_i[5]),.
xrun: *E,FMUK: The type of the file (.Q(q_o[5]));) could not be determined.
xrun: *E,FILEMIS: Cannot find the provided file .Q(q_o[5]));.
xrun: *E,FMUK: The type of the file (register) could not be determined.
xrun: *E,FILEMIS: Cannot find the provided file register.
xrun: *E,FMUK: The type of the file (r6) could not be determined.
xrun: *E,FILEMIS: Cannot find the provided file r6.
xrun: *E,FMUK: The type of the file (() could not be determined.
xrun: *E,FILEMIS: Cannot find the provided file (.
xrun: *E,FMUK: The type of the file (.clk(clk_i),) could not be determined.
xrun: *E,FILEMIS: Cannot find the provided file .clk(clk_i),.
xrun: *E,FMUK: The type of the file (.rst_n(1'b0),) could not be determined.
xrun: *E,FILEMIS: Cannot find the provided file .rst_n(1'b0),.
xrun: *E,FMUK: The type of the file (.en(1'b1),) could not be determined.
xrun: *E,FILEMIS: Cannot find the provided file .en(1'b1),.
xrun: *E,FMUK: The type of the file (.D(q_i[6]),) could not be determined.
xrun: *E,FILEMIS: Cannot find the provided file .D(q_i[6]),.
xrun: *E,FMUK: The type of the file (.Q(q_o[6]));) could not be determined.
xrun: *E,FILEMIS: Cannot find the provided file .Q(q_o[6]));.
xrun: *E,FMUK: The type of the file (register) could not be determined.
xrun: *E,FILEMIS: Cannot find the provided file register.
xrun: *E,FMUK: The type of the file (r7) could not be determined.
xrun: *E,FILEMIS: Cannot find the provided file r7.
xrun: *E,FMUK: The type of the file (() could not be determined.
xrun: *E,FILEMIS: Cannot find the provided file (.
xrun: *E,FMUK: The type of the file (.clk(clk_i),) could not be determined.
xrun: *E,FILEMIS: Cannot find the provided file .clk(clk_i),.
xrun: *E,FMUK: The type of the file (.rst_n(1'b0),) could not be determined.
xrun: *E,FILEMIS: Cannot find the provided file .rst_n(1'b0),.
xrun: *E,FMUK: The type of the file (.en(1'b1),) could not be determined.
xrun: *E,FILEMIS: Cannot find the provided file .en(1'b1),.
xrun: *E,FMUK: The type of the file (.D(q_i[7]),) could not be determined.
xrun: *E,FILEMIS: Cannot find the provided file .D(q_i[7]),.
xrun: *E,FMUK: The type of the file (.Q(q_o[7]));) could not be determined.
xrun: *E,FILEMIS: Cannot find the provided file .Q(q_o[7]));.
xrun: *E,FMUK: The type of the file (register) could not be determined.
xrun: *E,FILEMIS: Cannot find the provided file register.
xrun: *E,FMUK: The type of the file (r8) could not be determined.
xrun: *E,FILEMIS: Cannot find the provided file r8.
xrun: *E,FMUK: The type of the file (() could not be determined.
xrun: *E,FILEMIS: Cannot find the provided file (.
xrun: *E,FMUK: The type of the file (.clk(clk_i),) could not be determined.
xrun: *E,FILEMIS: Cannot find the provided file .clk(clk_i),.
xrun: *E,FMUK: The type of the file (.rst_n(1'b0),) could not be determined.
xrun: *E,FILEMIS: Cannot find the provided file .rst_n(1'b0),.
xrun: *E,FMUK: The type of the file (.en(1'b1),) could not be determined.
xrun: *E,FILEMIS: Cannot find the provided file .en(1'b1),.
xrun: *E,FMUK: The type of the file (.D(q_i[8]),) could not be determined.
xrun: *E,FILEMIS: Cannot find the provided file .D(q_i[8]),.
xrun: *E,FMUK: The type of the file (.Q(q_o[8]));) could not be determined.
xrun: *E,FILEMIS: Cannot find the provided file .Q(q_o[8]));.
xrun: *E,FMUK: The type of the file (register) could not be determined.
xrun: *E,FILEMIS: Cannot find the provided file register.
xrun: *E,FMUK: The type of the file (r9) could not be determined.
xrun: *E,FILEMIS: Cannot find the provided file r9.
xrun: *E,FMUK: The type of the file (() could not be determined.
xrun: *E,FILEMIS: Cannot find the provided file (.
xrun: *E,FMUK: The type of the file (.clk(clk_i),) could not be determined.
xrun: *E,FILEMIS: Cannot find the provided file .clk(clk_i),.
xrun: *E,FMUK: The type of the file (.rst_n(1'b0),) could not be determined.
xrun: *E,FILEMIS: Cannot find the provided file .rst_n(1'b0),.
xrun: *E,FMUK: The type of the file (.en(1'b1),) could not be determined.
xrun: *E,FILEMIS: Cannot find the provided file .en(1'b1),.
xrun: *E,FMUK: The type of the file (.D(q_i[9]),) could not be determined.
xrun: *E,FILEMIS: Cannot find the provided file .D(q_i[9]),.
xrun: *E,FMUK: The type of the file (.Q(q_o[9]));) could not be determined.
xrun: *E,FILEMIS: Cannot find the provided file .Q(q_o[9]));.
xrun: *E,FMUK: The type of the file (register) could not be determined.
xrun: *E,FILEMIS: Cannot find the provided file register.
xrun: *E,FMUK: The type of the file (r10) could not be determined.
xrun: *E,FILEMIS: Cannot find the provided file r10.
xrun: *E,FMUK: The type of the file (() could not be determined.
xrun: *E,FILEMIS: Cannot find the provided file (.
xrun: *E,FMUK: The type of the file (.clk(clk_i),) could not be determined.
xrun: *E,FILEMIS: Cannot find the provided file .clk(clk_i),.
xrun: *E,FMUK: The type of the file (.rst_n(1'b0),) could not be determined.
xrun: *E,FILEMIS: Cannot find the provided file .rst_n(1'b0),.
xrun: *E,FMUK: The type of the file (.en(1'b1),) could not be determined.
xrun: *E,FILEMIS: Cannot find the provided file .en(1'b1),.
xrun: *E,FMUK: The type of the file (.D(q_i[10]),) could not be determined.
xrun: *E,FILEMIS: Cannot find the provided file .D(q_i[10]),.
xrun: *E,FMUK: The type of the file (.Q(q_o[10]));) could not be determined.
xrun: *E,FILEMIS: Cannot find the provided file .Q(q_o[10]));.
xrun: *E,FMUK: The type of the file (register) could not be determined.
xrun: *E,FILEMIS: Cannot find the provided file register.
xrun: *E,FMUK: The type of the file (r11) could not be determined.
xrun: *E,FILEMIS: Cannot find the provided file r11.
xrun: *E,FMUK: The type of the file (() could not be determined.
xrun: *E,FILEMIS: Cannot find the provided file (.
xrun: *E,FMUK: The type of the file (.clk(clk_i),) could not be determined.
xrun: *E,FILEMIS: Cannot find the provided file .clk(clk_i),.
xrun: *E,FMUK: The type of the file (.rst_n(1'b0),) could not be determined.
xrun: *E,FILEMIS: Cannot find the provided file .rst_n(1'b0),.
xrun: *E,FMUK: The type of the file (.en(1'b1),) could not be determined.
xrun: *E,FILEMIS: Cannot find the provided file .en(1'b1),.
xrun: *E,FMUK: The type of the file (.D(q_i[11]),) could not be determined.
xrun: *E,FILEMIS: Cannot find the provided file .D(q_i[11]),.
xrun: *E,FMUK: The type of the file (.Q(q_o[11]));) could not be determined.
xrun: *E,FILEMIS: Cannot find the provided file .Q(q_o[11]));.
xrun: *E,FMUK: The type of the file (register) could not be determined.
xrun: *E,FILEMIS: Cannot find the provided file register.
xrun: *E,FMUK: The type of the file (r12) could not be determined.
xrun: *E,FILEMIS: Cannot find the provided file r12.
xrun: *E,FMUK: The type of the file (() could not be determined.
xrun: *E,FILEMIS: Cannot find the provided file (.
xrun: *E,FMUK: The type of the file (.clk(clk_i),) could not be determined.
xrun: *E,FILEMIS: Cannot find the provided file .clk(clk_i),.
xrun: *E,FMUK: The type of the file (.rst_n(1'b0),) could not be determined.
xrun: *E,FILEMIS: Cannot find the provided file .rst_n(1'b0),.
xrun: *E,FMUK: The type of the file (.en(1'b1),) could not be determined.
xrun: *E,FILEMIS: Cannot find the provided file .en(1'b1),.
xrun: *E,FMUK: The type of the file (.D(q_i[12]),) could not be determined.
xrun: *E,FILEMIS: Cannot find the provided file .D(q_i[12]),.
xrun: *E,FMUK: The type of the file (.Q(q_o[12]));) could not be determined.
xrun: *E,FILEMIS: Cannot find the provided file .Q(q_o[12]));.
xrun: *E,FMUK: The type of the file (register) could not be determined.
xrun: *E,FILEMIS: Cannot find the provided file register.
xrun: *E,FMUK: The type of the file (r13) could not be determined.
xrun: *E,FILEMIS: Cannot find the provided file r13.
xrun: *E,FMUK: The type of the file (() could not be determined.
xrun: *E,FILEMIS: Cannot find the provided file (.
xrun: *E,FMUK: The type of the file (.clk(clk_i),) could not be determined.
xrun: *E,FILEMIS: Cannot find the provided file .clk(clk_i),.
xrun: *E,FMUK: The type of the file (.rst_n(1'b0),) could not be determined.
xrun: *E,FILEMIS: Cannot find the provided file .rst_n(1'b0),.
xrun: *E,FMUK: The type of the file (.en(1'b1),) could not be determined.
xrun: *E,FILEMIS: Cannot find the provided file .en(1'b1),.
xrun: *E,FMUK: The type of the file (.D(q_i[13]),) could not be determined.
xrun: *E,FILEMIS: Cannot find the provided file .D(q_i[13]),.
xrun: *E,FMUK: The type of the file (.Q(q_o[13]));) could not be determined.
xrun: *E,FILEMIS: Cannot find the provided file .Q(q_o[13]));.
xrun: *E,FMUK: The type of the file (register) could not be determined.
xrun: *E,FILEMIS: Cannot find the provided file register.
xrun: *E,FMUK: The type of the file (r14) could not be determined.
xrun: *E,FILEMIS: Cannot find the provided file r14.
xrun: *E,FMUK: The type of the file (() could not be determined.
xrun: *E,FILEMIS: Cannot find the provided file (.
xrun: *E,FMUK: The type of the file (.clk(clk_i),) could not be determined.
xrun: *E,FILEMIS: Cannot find the provided file .clk(clk_i),.
xrun: *E,FMUK: The type of the file (.rst_n(1'b0),) could not be determined.
xrun: *E,FILEMIS: Cannot find the provided file .rst_n(1'b0),.
xrun: *E,FMUK: The type of the file (.en(1'b1),) could not be determined.
xrun: *E,FILEMIS: Cannot find the provided file .en(1'b1),.
xrun: *E,FMUK: The type of the file (.D(q_i[14]),) could not be determined.
xrun: *E,FILEMIS: Cannot find the provided file .D(q_i[14]),.
xrun: *E,FMUK: The type of the file (.Q(q_o[14]));) could not be determined.
xrun: *E,FILEMIS: Cannot find the provided file .Q(q_o[14]));.
xrun: *E,FMUK: The type of the file (register) could not be determined.
xrun: *E,FILEMIS: Cannot find the provided file register.
xrun: *E,FMUK: The type of the file (r15) could not be determined.
xrun: *E,FILEMIS: Cannot find the provided file r15.
xrun: *E,FMUK: The type of the file (() could not be determined.
xrun: *E,FILEMIS: Cannot find the provided file (.
xrun: *E,FMUK: The type of the file (.clk(clk_i),) could not be determined.
xrun: *E,FILEMIS: Cannot find the provided file .clk(clk_i),.
xrun: *E,FMUK: The type of the file (.rst_n(1'b0),) could not be determined.
xrun: *E,FILEMIS: Cannot find the provided file .rst_n(1'b0),.
xrun: *E,FMUK: The type of the file (.en(1'b1),) could not be determined.
xrun: *E,FILEMIS: Cannot find the provided file .en(1'b1),.
xrun: *E,FMUK: The type of the file (.D(q_i[15]),) could not be determined.
xrun: *E,FILEMIS: Cannot find the provided file .D(q_i[15]),.
xrun: *E,FMUK: The type of the file (.Q(q_o[15]));) could not be determined.
xrun: *E,FILEMIS: Cannot find the provided file .Q(q_o[15]));.
xrun: *E,FMUK: The type of the file (register) could not be determined.
xrun: *E,FILEMIS: Cannot find the provided file register.
xrun: *E,FMUK: The type of the file (r16) could not be determined.
xrun: *E,FILEMIS: Cannot find the provided file r16.
xrun: *E,FMUK: The type of the file (() could not be determined.
xrun: *E,FILEMIS: Cannot find the provided file (.
xrun: *E,FMUK: The type of the file (.clk(clk_i),) could not be determined.
xrun: *E,FILEMIS: Cannot find the provided file .clk(clk_i),.
xrun: *E,FMUK: The type of the file (.rst_n(1'b0),) could not be determined.
xrun: *E,FILEMIS: Cannot find the provided file .rst_n(1'b0),.
xrun: *E,FMUK: The type of the file (.en(1'b1),) could not be determined.
xrun: *E,FILEMIS: Cannot find the provided file .en(1'b1),.
xrun: *E,FMUK: The type of the file (.D(q_i[16]),) could not be determined.
xrun: *E,FILEMIS: Cannot find the provided file .D(q_i[16]),.
xrun: *E,FMUK: The type of the file (.Q(q_o[16]));) could not be determined.
xrun: *E,FILEMIS: Cannot find the provided file .Q(q_o[16]));.
xrun: *E,FMUK: The type of the file (register) could not be determined.
xrun: *E,FILEMIS: Cannot find the provided file register.
xrun: *E,FMUK: The type of the file (r17) could not be determined.
xrun: *E,FILEMIS: Cannot find the provided file r17.
xrun: *E,FMUK: The type of the file (() could not be determined.
xrun: *E,FILEMIS: Cannot find the provided file (.
xrun: *E,FMUK: The type of the file (.clk(clk_i),) could not be determined.
xrun: *E,FILEMIS: Cannot find the provided file .clk(clk_i),.
xrun: *E,FMUK: The type of the file (.rst_n(1'b0),) could not be determined.
xrun: *E,FILEMIS: Cannot find the provided file .rst_n(1'b0),.
xrun: *E,FMUK: The type of the file (.en(1'b1),) could not be determined.
xrun: *E,FILEMIS: Cannot find the provided file .en(1'b1),.
xrun: *E,FMUK: The type of the file (.D(q_i[17]),) could not be determined.
xrun: *E,FILEMIS: Cannot find the provided file .D(q_i[17]),.
xrun: *E,FMUK: The type of the file (.Q(q_o[17]));) could not be determined.
xrun: *E,FILEMIS: Cannot find the provided file .Q(q_o[17]));.
xrun: *E,FMUK: The type of the file (register) could not be determined.
xrun: *E,FILEMIS: Cannot find the provided file register.
xrun: *E,FMUK: The type of the file (r18) could not be determined.
xrun: *E,FILEMIS: Cannot find the provided file r18.
xrun: *E,FMUK: The type of the file (() could not be determined.
xrun: *E,FILEMIS: Cannot find the provided file (.
xrun: *E,FMUK: The type of the file (.clk(clk_i),) could not be determined.
xrun: *E,FILEMIS: Cannot find the provided file .clk(clk_i),.
xrun: *E,FMUK: The type of the file (.rst_n(1'b0),) could not be determined.
xrun: *E,FILEMIS: Cannot find the provided file .rst_n(1'b0),.
xrun: *E,FMUK: The type of the file (.en(1'b1),) could not be determined.
xrun: *E,FILEMIS: Cannot find the provided file .en(1'b1),.
xrun: *E,FMUK: The type of the file (.D(q_i[18]),) could not be determined.
xrun: *E,FILEMIS: Cannot find the provided file .D(q_i[18]),.
xrun: *E,FMUK: The type of the file (.Q(q_o[18]));) could not be determined.
xrun: *E,FILEMIS: Cannot find the provided file .Q(q_o[18]));.
xrun: *E,FMUK: The type of the file (register) could not be determined.
xrun: *E,FILEMIS: Cannot find the provided file register.
xrun: *E,FMUK: The type of the file (r19) could not be determined.
xrun: *E,FILEMIS: Cannot find the provided file r19.
xrun: *E,FMUK: The type of the file (() could not be determined.
xrun: *E,FILEMIS: Cannot find the provided file (.
xrun: *E,FMUK: The type of the file (.clk(clk_i),) could not be determined.
xrun: *E,FILEMIS: Cannot find the provided file .clk(clk_i),.
xrun: *E,FMUK: The type of the file (.rst_n(1'b0),) could not be determined.
xrun: *E,FILEMIS: Cannot find the provided file .rst_n(1'b0),.
xrun: *E,FMUK: The type of the file (.en(1'b1),) could not be determined.
xrun: *E,FILEMIS: Cannot find the provided file .en(1'b1),.
xrun: *E,FMUK: The type of the file (.D(q_i[19]),) could not be determined.
xrun: *E,FILEMIS: Cannot find the provided file .D(q_i[19]),.
xrun: *E,FMUK: The type of the file (.Q(q_o[19]));) could not be determined.
xrun: *E,FILEMIS: Cannot find the provided file .Q(q_o[19]));.
xrun: *E,FMUK: The type of the file (register) could not be determined.
xrun: *E,FILEMIS: Cannot find the provided file register.
xrun: *E,FMUK: The type of the file (r20) could not be determined.
xrun: *E,FILEMIS: Cannot find the provided file r20.
xrun: *E,FMUK: The type of the file (() could not be determined.
xrun: *E,FILEMIS: Cannot find the provided file (.
xrun: *E,FMUK: The type of the file (.clk(clk_i),) could not be determined.
xrun: *E,FILEMIS: Cannot find the provided file .clk(clk_i),.
xrun: *E,FMUK: The type of the file (.rst_n(1'b0),) could not be determined.
xrun: *E,FILEMIS: Cannot find the provided file .rst_n(1'b0),.
xrun: *E,FMUK: The type of the file (.en(1'b1),) could not be determined.
xrun: *E,FILEMIS: Cannot find the provided file .en(1'b1),.
xrun: *E,FMUK: The type of the file (.D(q_i[20]),) could not be determined.
xrun: *E,FILEMIS: Cannot find the provided file .D(q_i[20]),.
xrun: *E,FMUK: The type of the file (.Q(q_o[20]));) could not be determined.
xrun: *E,FILEMIS: Cannot find the provided file .Q(q_o[20]));.
xrun: *E,FMUK: The type of the file (register) could not be determined.
xrun: *E,FILEMIS: Cannot find the provided file register.
xrun: *E,FMUK: The type of the file (r21) could not be determined.
xrun: *E,FILEMIS: Cannot find the provided file r21.
xrun: *E,FMUK: The type of the file (() could not be determined.
xrun: *E,FILEMIS: Cannot find the provided file (.
xrun: *E,FMUK: The type of the file (.clk(clk_i),) could not be determined.
xrun: *E,FILEMIS: Cannot find the provided file .clk(clk_i),.
xrun: *E,FMUK: The type of the file (.rst_n(1'b0),) could not be determined.
xrun: *E,FILEMIS: Cannot find the provided file .rst_n(1'b0),.
xrun: *E,FMUK: The type of the file (.en(1'b1),) could not be determined.
xrun: *E,FILEMIS: Cannot find the provided file .en(1'b1),.
xrun: *E,FMUK: The type of the file (.D(q_i[21]),) could not be determined.
xrun: *E,FILEMIS: Cannot find the provided file .D(q_i[21]),.
xrun: *E,FMUK: The type of the file (.Q(q_o[21]));) could not be determined.
xrun: *E,FILEMIS: Cannot find the provided file .Q(q_o[21]));.
xrun: *E,FMUK: The type of the file (register) could not be determined.
xrun: *E,FILEMIS: Cannot find the provided file register.
xrun: *E,FMUK: The type of the file (r22) could not be determined.
xrun: *E,FILEMIS: Cannot find the provided file r22.
xrun: *E,FMUK: The type of the file (() could not be determined.
xrun: *E,FILEMIS: Cannot find the provided file (.
xrun: *E,FMUK: The type of the file (.clk(clk_i),) could not be determined.
xrun: *E,FILEMIS: Cannot find the provided file .clk(clk_i),.
xrun: *E,FMUK: The type of the file (.rst_n(1'b0),) could not be determined.
xrun: *E,FILEMIS: Cannot find the provided file .rst_n(1'b0),.
xrun: *E,FMUK: The type of the file (.en(1'b1),) could not be determined.
xrun: *E,FILEMIS: Cannot find the provided file .en(1'b1),.
xrun: *E,FMUK: The type of the file (.D(q_i[22]),) could not be determined.
xrun: *E,FILEMIS: Cannot find the provided file .D(q_i[22]),.
xrun: *E,FMUK: The type of the file (.Q(q_o[22]));) could not be determined.
xrun: *E,FILEMIS: Cannot find the provided file .Q(q_o[22]));.
xrun: *E,FMUK: The type of the file (register) could not be determined.
xrun: *E,FILEMIS: Cannot find the provided file register.
xrun: *E,FMUK: The type of the file (r23) could not be determined.
xrun: *E,FILEMIS: Cannot find the provided file r23.
xrun: *E,FMUK: The type of the file (() could not be determined.
xrun: *E,FILEMIS: Cannot find the provided file (.
xrun: *E,FMUK: The type of the file (.clk(clk_i),) could not be determined.
xrun: *E,FILEMIS: Cannot find the provided file .clk(clk_i),.
xrun: *E,FMUK: The type of the file (.rst_n(1'b0),) could not be determined.
xrun: *E,FILEMIS: Cannot find the provided file .rst_n(1'b0),.
xrun: *E,FMUK: The type of the file (.en(1'b1),) could not be determined.
xrun: *E,FILEMIS: Cannot find the provided file .en(1'b1),.
xrun: *E,FMUK: The type of the file (.D(q_i[23]),) could not be determined.
xrun: *E,FILEMIS: Cannot find the provided file .D(q_i[23]),.
xrun: *E,FMUK: The type of the file (.Q(q_o[23]));) could not be determined.
xrun: *E,FILEMIS: Cannot find the provided file .Q(q_o[23]));.
xrun: *E,FMUK: The type of the file (register) could not be determined.
xrun: *E,FILEMIS: Cannot find the provided file register.
xrun: *E,FMUK: The type of the file (r24) could not be determined.
xrun: *E,FILEMIS: Cannot find the provided file r24.
xrun: *E,FMUK: The type of the file (() could not be determined.
xrun: *E,FILEMIS: Cannot find the provided file (.
xrun: *E,FMUK: The type of the file (.clk(clk_i),) could not be determined.
xrun: *E,FILEMIS: Cannot find the provided file .clk(clk_i),.
xrun: *E,FMUK: The type of the file (.rst_n(1'b0),) could not be determined.
xrun: *E,FILEMIS: Cannot find the provided file .rst_n(1'b0),.
xrun: *E,FMUK: The type of the file (.en(1'b1),) could not be determined.
xrun: *E,FILEMIS: Cannot find the provided file .en(1'b1),.
xrun: *E,FMUK: The type of the file (.D(q_i[24]),) could not be determined.
xrun: *E,FILEMIS: Cannot find the provided file .D(q_i[24]),.
xrun: *E,FMUK: The type of the file (.Q(q_o[24]));) could not be determined.
xrun: *E,FILEMIS: Cannot find the provided file .Q(q_o[24]));.
xrun: *E,FMUK: The type of the file (register) could not be determined.
xrun: *E,FILEMIS: Cannot find the provided file register.
xrun: *E,FMUK: The type of the file (r25) could not be determined.
xrun: *E,FILEMIS: Cannot find the provided file r25.
xrun: *E,FMUK: The type of the file (() could not be determined.
xrun: *E,FILEMIS: Cannot find the provided file (.
xrun: *E,FMUK: The type of the file (.clk(clk_i),) could not be determined.
xrun: *E,FILEMIS: Cannot find the provided file .clk(clk_i),.
xrun: *E,FMUK: The type of the file (.rst_n(1'b0),) could not be determined.
xrun: *E,FILEMIS: Cannot find the provided file .rst_n(1'b0),.
xrun: *E,FMUK: The type of the file (.en(1'b1),) could not be determined.
xrun: *E,FILEMIS: Cannot find the provided file .en(1'b1),.
xrun: *E,FMUK: The type of the file (.D(q_i[25]),) could not be determined.
xrun: *E,FILEMIS: Cannot find the provided file .D(q_i[25]),.
xrun: *E,FMUK: The type of the file (.Q(q_o[25]));) could not be determined.
xrun: *E,FILEMIS: Cannot find the provided file .Q(q_o[25]));.
xrun: *E,FMUK: The type of the file (register) could not be determined.
xrun: *E,FILEMIS: Cannot find the provided file register.
xrun: *E,FMUK: The type of the file (r26) could not be determined.
xrun: *E,FILEMIS: Cannot find the provided file r26.
xrun: *E,FMUK: The type of the file (() could not be determined.
xrun: *E,FILEMIS: Cannot find the provided file (.
xrun: *E,FMUK: The type of the file (.clk(clk_i),) could not be determined.
xrun: *E,FILEMIS: Cannot find the provided file .clk(clk_i),.
xrun: *E,FMUK: The type of the file (.rst_n(1'b0),) could not be determined.
xrun: *E,FILEMIS: Cannot find the provided file .rst_n(1'b0),.
xrun: *E,FMUK: The type of the file (.en(1'b1),) could not be determined.
xrun: *E,FILEMIS: Cannot find the provided file .en(1'b1),.
xrun: *E,FMUK: The type of the file (.D(q_i[26]),) could not be determined.
xrun: *E,FILEMIS: Cannot find the provided file .D(q_i[26]),.
xrun: *E,FMUK: The type of the file (.Q(q_o[26]));) could not be determined.
xrun: *E,FILEMIS: Cannot find the provided file .Q(q_o[26]));.
xrun: *E,FMUK: The type of the file (register) could not be determined.
xrun: *E,FILEMIS: Cannot find the provided file register.
xrun: *E,FMUK: The type of the file (r27) could not be determined.
xrun: *E,FILEMIS: Cannot find the provided file r27.
xrun: *E,FMUK: The type of the file (() could not be determined.
xrun: *E,FILEMIS: Cannot find the provided file (.
xrun: *E,FMUK: The type of the file (.clk(clk_i),) could not be determined.
xrun: *E,FILEMIS: Cannot find the provided file .clk(clk_i),.
xrun: *E,FMUK: The type of the file (.rst_n(1'b0),) could not be determined.
xrun: *E,FILEMIS: Cannot find the provided file .rst_n(1'b0),.
xrun: *E,FMUK: The type of the file (.en(1'b1),) could not be determined.
xrun: *E,FILEMIS: Cannot find the provided file .en(1'b1),.
xrun: *E,FMUK: The type of the file (.D(q_i[27]),) could not be determined.
xrun: *E,FILEMIS: Cannot find the provided file .D(q_i[27]),.
xrun: *E,FMUK: The type of the file (.Q(q_o[27]));) could not be determined.
xrun: *E,FILEMIS: Cannot find the provided file .Q(q_o[27]));.
xrun: *E,FMUK: The type of the file (register) could not be determined.
xrun: *E,FILEMIS: Cannot find the provided file register.
xrun: *E,FMUK: The type of the file (r28) could not be determined.
xrun: *E,FILEMIS: Cannot find the provided file r28.
xrun: *E,FMUK: The type of the file (() could not be determined.
xrun: *E,FILEMIS: Cannot find the provided file (.
xrun: *E,FMUK: The type of the file (.clk(clk_i),) could not be determined.
xrun: *E,FILEMIS: Cannot find the provided file .clk(clk_i),.
xrun: *E,FMUK: The type of the file (.rst_n(1'b0),) could not be determined.
xrun: *E,FILEMIS: Cannot find the provided file .rst_n(1'b0),.
xrun: *E,FMUK: The type of the file (.en(1'b1),) could not be determined.
xrun: *E,FILEMIS: Cannot find the provided file .en(1'b1),.
xrun: *E,FMUK: The type of the file (.D(q_i[28]),) could not be determined.
xrun: *E,FILEMIS: Cannot find the provided file .D(q_i[28]),.
xrun: *E,FMUK: The type of the file (.Q(q_o[28]));) could not be determined.
xrun: *E,FILEMIS: Cannot find the provided file .Q(q_o[28]));.
xrun: *E,FMUK: The type of the file (register) could not be determined.
xrun: *E,FILEMIS: Cannot find the provided file register.
xrun: *E,FMUK: The type of the file (r29) could not be determined.
xrun: *E,FILEMIS: Cannot find the provided file r29.
xrun: *E,FMUK: The type of the file (() could not be determined.
xrun: *E,FILEMIS: Cannot find the provided file (.
xrun: *E,FMUK: The type of the file (.clk(clk_i),) could not be determined.
xrun: *E,FILEMIS: Cannot find the provided file .clk(clk_i),.
xrun: *E,FMUK: The type of the file (.rst_n(1'b0),) could not be determined.
xrun: *E,FILEMIS: Cannot find the provided file .rst_n(1'b0),.
xrun: *E,FMUK: The type of the file (.en(1'b1),) could not be determined.
xrun: *E,FILEMIS: Cannot find the provided file .en(1'b1),.
xrun: *E,FMUK: The type of the file (.D(q_i[29]),) could not be determined.
xrun: *E,FILEMIS: Cannot find the provided file .D(q_i[29]),.
xrun: *E,FMUK: The type of the file (.Q(q_o[29]));) could not be determined.
xrun: *E,FILEMIS: Cannot find the provided file .Q(q_o[29]));.
xrun: *E,FMUK: The type of the file (register) could not be determined.
xrun: *E,FILEMIS: Cannot find the provided file register.
xrun: *E,FMUK: The type of the file (r30) could not be determined.
xrun: *E,FILEMIS: Cannot find the provided file r30.
xrun: *E,FMUK: The type of the file (() could not be determined.
xrun: *E,FILEMIS: Cannot find the provided file (.
xrun: *E,FMUK: The type of the file (.clk(clk_i),) could not be determined.
xrun: *E,FILEMIS: Cannot find the provided file .clk(clk_i),.
xrun: *E,FMUK: The type of the file (.rst_n(1'b0),) could not be determined.
xrun: *E,FILEMIS: Cannot find the provided file .rst_n(1'b0),.
xrun: *E,FMUK: The type of the file (.en(1'b1),) could not be determined.
xrun: *E,FILEMIS: Cannot find the provided file .en(1'b1),.
xrun: *E,FMUK: The type of the file (.D(q_i[30]),) could not be determined.
xrun: *E,FILEMIS: Cannot find the provided file .D(q_i[30]),.
xrun: *E,FMUK: The type of the file (.Q(q_o[30]));) could not be determined.
xrun: *E,FILEMIS: Cannot find the provided file .Q(q_o[30]));.
xrun: *E,FMUK: The type of the file (register) could not be determined.
xrun: *E,FILEMIS: Cannot find the provided file register.
xrun: *E,FMUK: The type of the file (r31) could not be determined.
xrun: *E,FILEMIS: Cannot find the provided file r31.
xrun: *E,FMUK: The type of the file (() could not be determined.
xrun: *E,FILEMIS: Cannot find the provided file (.
xrun: *E,FMUK: The type of the file (.clk(clk_i),) could not be determined.
xrun: *E,FILEMIS: Cannot find the provided file .clk(clk_i),.
xrun: *E,FMUK: The type of the file (.rst_n(1'b0),) could not be determined.
xrun: *E,FILEMIS: Cannot find the provided file .rst_n(1'b0),.
xrun: *E,FMUK: The type of the file (.en(1'b1),) could not be determined.
xrun: *E,FILEMIS: Cannot find the provided file .en(1'b1),.
xrun: *E,FMUK: The type of the file (.D(q_i[31]),) could not be determined.
xrun: *E,FILEMIS: Cannot find the provided file .D(q_i[31]),.
xrun: *E,FMUK: The type of the file (.Q(q_o[31]));) could not be determined.
xrun: *E,FILEMIS: Cannot find the provided file .Q(q_o[31]));.
xrun: *E,FMUK: The type of the file (mux_32to1) could not be determined.
xrun: *E,FILEMIS: Cannot find the provided file mux_32to1.
xrun: *E,FMUK: The type of the file (m1) could not be determined.
xrun: *E,FILEMIS: Cannot find the provided file m1.
xrun: *E,FMUK: The type of the file (() could not be determined.
xrun: *E,FILEMIS: Cannot find the provided file (.
xrun: *E,FMUK: The type of the file (.d0(q_o[0]),) could not be determined.
xrun: *E,FILEMIS: Cannot find the provided file .d0(q_o[0]),.
xrun: *E,FMUK: The type of the file (.d1(q_o[1]),) could not be determined.
xrun: *E,FILEMIS: Cannot find the provided file .d1(q_o[1]),.
xrun: *E,FMUK: The type of the file (.d2(q_o[2]),) could not be determined.
xrun: *E,FILEMIS: Cannot find the provided file .d2(q_o[2]),.
xrun: *E,FMUK: The type of the file (.d3(q_o[3]),) could not be determined.
xrun: *E,FILEMIS: Cannot find the provided file .d3(q_o[3]),.
xrun: *E,FMUK: The type of the file (.d4(q_o[4]),) could not be determined.
xrun: *E,FILEMIS: Cannot find the provided file .d4(q_o[4]),.
xrun: *E,FMUK: The type of the file (.d5(q_o[5]),) could not be determined.
xrun: *E,FILEMIS: Cannot find the provided file .d5(q_o[5]),.
xrun: *E,FMUK: The type of the file (.d6(q_o[6]),) could not be determined.
xrun: *E,FILEMIS: Cannot find the provided file .d6(q_o[6]),.
xrun: *E,FMUK: The type of the file (.d7(q_o[7]),) could not be determined.
xrun: *E,FILEMIS: Cannot find the provided file .d7(q_o[7]),.
xrun: *E,FMUK: The type of the file (.d8(q_o[8]),) could not be determined.
xrun: *E,FILEMIS: Cannot find the provided file .d8(q_o[8]),.
xrun: *E,FMUK: The type of the file (.d9(q_o[9]),) could not be determined.
xrun: *E,FILEMIS: Cannot find the provided file .d9(q_o[9]),.
xrun: *E,FMUK: The type of the file (.d10(q_o[10]),.d11(q_o[11]),) could not be determined.
xrun: *E,FILEMIS: Cannot find the provided file .d10(q_o[10]),.d11(q_o[11]),.
xrun: *E,FMUK: The type of the file (.d12(q_o[12]),.d13(q_o[13]),.d14(q_o[14]),.d15(q_o[15]),) could not be determined.
xrun: *E,FILEMIS: Cannot find the provided file .d12(q_o[12]),.d13(q_o[13]),.d14(q_o[14]),.d15(q_o[15]),.
xrun: *E,FMUK: The type of the file (.d16(q_o[16]),.d17(q_o[17]),.d18(q_o[18]),.d19(q_o[19]),) could not be determined.
xrun: *E,FILEMIS: Cannot find the provided file .d16(q_o[16]),.d17(q_o[17]),.d18(q_o[18]),.d19(q_o[19]),.
xrun: *E,FMUK: The type of the file (.d20(q_o[20]),.d21(q_o[21]),.d22(q_o[22]),.d23(q_o[23]),) could not be determined.
xrun: *E,FILEMIS: Cannot find the provided file .d20(q_o[20]),.d21(q_o[21]),.d22(q_o[22]),.d23(q_o[23]),.
xrun: *E,FMUK: The type of the file (.d24(q_o[24]),.d25(q_o[25]),.d26(q_o[26]),.d27(q_o[27]),) could not be determined.
xrun: *E,FILEMIS: Cannot find the provided file .d24(q_o[24]),.d25(q_o[25]),.d26(q_o[26]),.d27(q_o[27]),.
xrun: *E,FMUK: The type of the file (.d28(q_o[28]),.d29(q_o[29]),.d30(q_o[30]),.d31(q_o[31]),) could not be determined.
xrun: *E,FILEMIS: Cannot find the provided file .d28(q_o[28]),.d29(q_o[29]),.d30(q_o[30]),.d31(q_o[31]),.
xrun: *E,FMUK: The type of the file (.s(rs1_addr_i),) could not be determined.
xrun: *E,FILEMIS: Cannot find the provided file .s(rs1_addr_i),.
xrun: *E,FMUK: The type of the file (.y(rs1_data_o));) could not be determined.
xrun: *E,FILEMIS: Cannot find the provided file .y(rs1_data_o));.
xrun: *E,FMUK: The type of the file (mux_32to1) could not be determined.
xrun: *E,FILEMIS: Cannot find the provided file mux_32to1.
xrun: *E,FMUK: The type of the file (m2) could not be determined.
xrun: *E,FILEMIS: Cannot find the provided file m2.
xrun: *E,FMUK: The type of the file (() could not be determined.
xrun: *E,FILEMIS: Cannot find the provided file (.
xrun: *E,FMUK: The type of the file (.d0(q_o[0]),) could not be determined.
xrun: *E,FILEMIS: Cannot find the provided file .d0(q_o[0]),.
xrun: *E,FMUK: The type of the file (.d1(q_o[1]),) could not be determined.
xrun: *E,FILEMIS: Cannot find the provided file .d1(q_o[1]),.
xrun: *E,FMUK: The type of the file (.d2(q_o[2]),) could not be determined.
xrun: *E,FILEMIS: Cannot find the provided file .d2(q_o[2]),.
xrun: *E,FMUK: The type of the file (.d3(q_o[3]),) could not be determined.
xrun: *E,FILEMIS: Cannot find the provided file .d3(q_o[3]),.
xrun: *E,FMUK: The type of the file (.d4(q_o[4]),) could not be determined.
xrun: *E,FILEMIS: Cannot find the provided file .d4(q_o[4]),.
xrun: *E,FMUK: The type of the file (.d5(q_o[5]),) could not be determined.
xrun: *E,FILEMIS: Cannot find the provided file .d5(q_o[5]),.
xrun: *E,FMUK: The type of the file (.d6(q_o[6]),) could not be determined.
xrun: *E,FILEMIS: Cannot find the provided file .d6(q_o[6]),.
xrun: *E,FMUK: The type of the file (.d7(q_o[7]),) could not be determined.
xrun: *E,FILEMIS: Cannot find the provided file .d7(q_o[7]),.
xrun: *E,FMUK: The type of the file (.d8(q_o[8]),) could not be determined.
xrun: *E,FILEMIS: Cannot find the provided file .d8(q_o[8]),.
xrun: *E,FMUK: The type of the file (.d9(q_o[9]),) could not be determined.
xrun: *E,FILEMIS: Cannot find the provided file .d9(q_o[9]),.
xrun: *E,FMUK: The type of the file (.d10(q_o[10]),.d11(q_o[11]),) could not be determined.
xrun: *E,FILEMIS: Cannot find the provided file .d10(q_o[10]),.d11(q_o[11]),.
xrun: *E,FMUK: The type of the file (.d12(q_o[12]),.d13(q_o[13]),.d14(q_o[14]),.d15(q_o[15]),) could not be determined.
xrun: *E,FILEMIS: Cannot find the provided file .d12(q_o[12]),.d13(q_o[13]),.d14(q_o[14]),.d15(q_o[15]),.
xrun: *E,FMUK: The type of the file (.d16(q_o[16]),.d17(q_o[17]),.d18(q_o[18]),.d19(q_o[19]),) could not be determined.
xrun: *E,FILEMIS: Cannot find the provided file .d16(q_o[16]),.d17(q_o[17]),.d18(q_o[18]),.d19(q_o[19]),.
xrun: *E,FMUK: The type of the file (.d20(q_o[20]),.d21(q_o[21]),.d22(q_o[22]),.d23(q_o[23]),) could not be determined.
xrun: *E,FILEMIS: Cannot find the provided file .d20(q_o[20]),.d21(q_o[21]),.d22(q_o[22]),.d23(q_o[23]),.
xrun: *E,FMUK: The type of the file (.d24(q_o[24]),.d25(q_o[25]),.d26(q_o[26]),.d27(q_o[27]),) could not be determined.
xrun: *E,FILEMIS: Cannot find the provided file .d24(q_o[24]),.d25(q_o[25]),.d26(q_o[26]),.d27(q_o[27]),.
xrun: *E,FMUK: The type of the file (.d28(q_o[28]),.d29(q_o[29]),.d30(q_o[30]),.d31(q_o[31]),) could not be determined.
xrun: *E,FILEMIS: Cannot find the provided file .d28(q_o[28]),.d29(q_o[29]),.d30(q_o[30]),.d31(q_o[31]),.
xrun: *E,FMUK: The type of the file (.s(rs2_addr_i),) could not be determined.
xrun: *E,FILEMIS: Cannot find the provided file .s(rs2_addr_i),.
xrun: *E,FMUK: The type of the file (.y(rs2_data_o));) could not be determined.
xrun: *E,FILEMIS: Cannot find the provided file .y(rs2_data_o));.
xrun: *E,FMUK: The type of the file (endmodule) could not be determined.
xrun: *E,FILEMIS: Cannot find the provided file endmodule.
TOOL:	xrun(64)	20.09-s001: Exiting on Jul 27, 2025 at 14:51:42 +07  (total: 00:00:00)
